Connection made with AWS.
Error processing the CSV file: [Errno 2] No such file or directory: '/home/rpi1/deer_deterrant/deer/logs/detections_log_latest.csv'
Connection made with AWS.
Processing entries from CSV...
Uploaded IMG_RPI1_06262024_091027_100000.jpg to S3 at rpi1_p2/IMG_RPI1_06262024_091027_100000.jpg.
Uploaded IMG_RPI1_06262024_091032_200000.jpg to S3 at rpi1_p2/IMG_RPI1_06262024_091032_200000.jpg.
Uploaded IMG_RPI1_06262024_091037_100000.jpg to S3 at rpi1_p2/IMG_RPI1_06262024_091037_100000.jpg.
Uploaded IMG_RPI1_06262024_091042_100000.jpg to S3 at rpi1_p2/IMG_RPI1_06262024_091042_100000.jpg.
Uploaded IMG_RPI1_06262024_091047_000100.jpg to S3 at rpi1_p2/IMG_RPI1_06262024_091047_000100.jpg.
Uploaded IMG_RPI1_06262024_091113_100000.jpg to S3 at rpi1_p2/IMG_RPI1_06262024_091113_100000.jpg.
Uploaded IMG_RPI1_06262024_091118_100000.jpg to S3 at rpi1_p2/IMG_RPI1_06262024_091118_100000.jpg.
Uploaded IMG_RPI1_06262024_091128_100000.jpg to S3 at rpi1_p2/IMG_RPI1_06262024_091128_100000.jpg.
Uploaded IMG_RPI1_06262024_091133_100000.jpg to S3 at rpi1_p2/IMG_RPI1_06262024_091133_100000.jpg.
Uploaded IMG_RPI1_06262024_091148_100000.jpg to S3 at rpi1_p2/IMG_RPI1_06262024_091148_100000.jpg.
Uploaded IMG_RPI1_06262024_091153_100000.jpg to S3 at rpi1_p2/IMG_RPI1_06262024_091153_100000.jpg.
Uploaded IMG_RPI1_06262024_091208_100000.jpg to S3 at rpi1_p2/IMG_RPI1_06262024_091208_100000.jpg.
Uploaded IMG_RPI1_06262024_091213_100000.jpg to S3 at rpi1_p2/IMG_RPI1_06262024_091213_100000.jpg.
Uploaded IMG_RPI1_06262024_091218_110000.jpg to S3 at rpi1_p2/IMG_RPI1_06262024_091218_110000.jpg.
Uploaded IMG_RPI1_06262024_091223_010000.jpg to S3 at rpi1_p2/IMG_RPI1_06262024_091223_010000.jpg.
Uploaded IMG_RPI1_06262024_091319_100000.jpg to S3 at rpi1_p2/IMG_RPI1_06262024_091319_100000.jpg.
Uploaded IMG_RPI1_06262024_091329_000100.jpg to S3 at rpi1_p2/IMG_RPI1_06262024_091329_000100.jpg.
Uploaded IMG_RPI1_06262024_091354_100000.jpg to S3 at rpi1_p2/IMG_RPI1_06262024_091354_100000.jpg.
Uploaded IMG_RPI1_06262024_091400_100000.jpg to S3 at rpi1_p2/IMG_RPI1_06262024_091400_100000.jpg.
Uploaded IMG_RPI1_06262024_091414_200000.jpg to S3 at rpi1_p2/IMG_RPI1_06262024_091414_200000.jpg.
Uploaded IMG_RPI1_06262024_091434_000100.jpg to S3 at rpi1_p2/IMG_RPI1_06262024_091434_000100.jpg.
Uploaded IMG_RPI1_06262024_091450_100000.jpg to S3 at rpi1_p2/IMG_RPI1_06262024_091450_100000.jpg.
Uploaded IMG_RPI1_06262024_091454_000100.jpg to S3 at rpi1_p2/IMG_RPI1_06262024_091454_000100.jpg.
Uploaded IMG_RPI1_06262024_091500_000100.jpg to S3 at rpi1_p2/IMG_RPI1_06262024_091500_000100.jpg.
Uploaded 24 files successfully.
